The system is: Windows - 10.0.22621 - AMD64
Compiling the C compiler identification source file "CMakeCCompilerId.c" succeeded.
Compiler: C:/Program Files/Microsoft Visual Studio/2022/Community/VC/Tools/MSVC/14.31.31103/bin/Hostx86/x86/cl.exe 
Build flags: 
Id flags:  

The output was:
0
Compilateur d'optimisation Microsoft (R) C/C++ version 19.31.31104 pour x86
Copyright (C) Microsoft Corporation. Tous droits réservés.

CMakeCCompilerId.c
Microsoft (R) Incremental Linker Version 14.31.31104.0
Copyright (C) Microsoft Corporation.  All rights reserved.

/out:CMakeCCompilerId.exe 
CMakeCCompilerId.obj 


Compilation of the C compiler identification source "CMakeCCompilerId.c" produced "CMakeCCompilerId.exe"

Compilation of the C compiler identification source "CMakeCCompilerId.c" produced "CMakeCCompilerId.obj"

The C compiler identification is MSVC, found in "C:/Users/yermushy/Desktop/UndercoverServer/cmake-build-debug/CMakeFiles/3.25.2/CompilerIdC/CMakeCCompilerId.exe"

Compiling the CXX compiler identification source file "CMakeCXXCompilerId.cpp" succeeded.
Compiler: C:/Program Files/Microsoft Visual Studio/2022/Community/VC/Tools/MSVC/14.31.31103/bin/Hostx86/x86/cl.exe 
Build flags: 
Id flags:  

The output was:
0
Compilateur d'optimisation Microsoft (R) C/C++ version 19.31.31104 pour x86
Copyright (C) Microsoft Corporation. Tous droits réservés.

CMakeCXXCompilerId.cpp
Microsoft (R) Incremental Linker Version 14.31.31104.0
Copyright (C) Microsoft Corporation.  All rights reserved.

/out:CMakeCXXCompilerId.exe 
CMakeCXXCompilerId.obj 


Compilation of the CXX compiler identification source "CMakeCXXCompilerId.cpp" produced "CMakeCXXCompilerId.exe"

Compilation of the CXX compiler identification source "CMakeCXXCompilerId.cpp" produced "CMakeCXXCompilerId.obj"

The CXX compiler identification is MSVC, found in "C:/Users/yermushy/Desktop/UndercoverServer/cmake-build-debug/CMakeFiles/3.25.2/CompilerIdCXX/CMakeCXXCompilerId.exe"

Detecting C compiler ABI info compiled with the following output:
Change Dir: C:/Users/yermushy/Desktop/UndercoverServer/cmake-build-debug/CMakeFiles/CMakeScratch/TryCompile-bb6j65

Run Build Command(s):nmake -f Makefile /nologo cmTC_fc535\fast && 	"C:\Program Files\Microsoft Visual Studio\2022\Community\VC\Tools\MSVC\14.31.31103\bin\HostX86\x86\nmake.exe"  -f CMakeFiles\cmTC_fc535.dir\build.make /nologo -L                  CMakeFiles\cmTC_fc535.dir\build
Building C object CMakeFiles/cmTC_fc535.dir/CMakeCCompilerABI.c.obj
	"C:\Program Files\JetBrains\CLion 2023.1.3\bin\cmake\win\x64\bin\cmake.exe" -E cmake_cl_compile_depends --dep-file=CMakeFiles\cmTC_fc535.dir\CMakeCCompilerABI.c.obj.d --working-dir=C:\Users\yermushy\Desktop\UndercoverServer\cmake-build-debug\CMakeFiles\CMakeScratch\TryCompile-bb6j65 --filter-prefix="Remarqueá: inclusion du fichierá:  " -- C:\PROGRA~1\MICROS~2\2022\COMMUN~1\VC\Tools\MSVC\1431~1.311\bin\Hostx86\x86\cl.exe @C:\Users\yermushy\AppData\Local\Temp\nm2299.tmp
CMakeCCompilerABI.c
Linking C executable cmTC_fc535.exe
	"C:\Program Files\JetBrains\CLion 2023.1.3\bin\cmake\win\x64\bin\cmake.exe" -E vs_link_exe --intdir=CMakeFiles\cmTC_fc535.dir --rc=C:\PROGRA~2\WI3CF2~1\10\bin\100190~1.0\x86\rc.exe --mt=C:\PROGRA~2\WI3CF2~1\10\bin\100190~1.0\x86\mt.exe --manifests -- C:\PROGRA~1\MICROS~2\2022\COMMUN~1\VC\Tools\MSVC\1431~1.311\bin\Hostx86\x86\link.exe /nologo @CMakeFiles\cmTC_fc535.dir\objects1 @C:\Users\yermushy\AppData\Local\Temp\nm23E2.tmp



Detecting CXX compiler ABI info compiled with the following output:
Change Dir: C:/Users/yermushy/Desktop/UndercoverServer/cmake-build-debug/CMakeFiles/CMakeScratch/TryCompile-csupwe

Run Build Command(s):nmake -f Makefile /nologo cmTC_626e6\fast && 	"C:\Program Files\Microsoft Visual Studio\2022\Community\VC\Tools\MSVC\14.31.31103\bin\HostX86\x86\nmake.exe"  -f CMakeFiles\cmTC_626e6.dir\build.make /nologo -L                  CMakeFiles\cmTC_626e6.dir\build
Building CXX object CMakeFiles/cmTC_626e6.dir/CMakeCXXCompilerABI.cpp.obj
	"C:\Program Files\JetBrains\CLion 2023.1.3\bin\cmake\win\x64\bin\cmake.exe" -E cmake_cl_compile_depends --dep-file=CMakeFiles\cmTC_626e6.dir\CMakeCXXCompilerABI.cpp.obj.d --working-dir=C:\Users\yermushy\Desktop\UndercoverServer\cmake-build-debug\CMakeFiles\CMakeScratch\TryCompile-csupwe --filter-prefix="Remarqueá: inclusion du fichierá:  " -- C:\PROGRA~1\MICROS~2\2022\COMMUN~1\VC\Tools\MSVC\1431~1.311\bin\Hostx86\x86\cl.exe @C:\Users\yermushy\AppData\Local\Temp\nm2558.tmp
CMakeCXXCompilerABI.cpp
Linking CXX executable cmTC_626e6.exe
	"C:\Program Files\JetBrains\CLion 2023.1.3\bin\cmake\win\x64\bin\cmake.exe" -E vs_link_exe --intdir=CMakeFiles\cmTC_626e6.dir --rc=C:\PROGRA~2\WI3CF2~1\10\bin\100190~1.0\x86\rc.exe --mt=C:\PROGRA~2\WI3CF2~1\10\bin\100190~1.0\x86\mt.exe --manifests -- C:\PROGRA~1\MICROS~2\2022\COMMUN~1\VC\Tools\MSVC\1431~1.311\bin\Hostx86\x86\link.exe /nologo @CMakeFiles\cmTC_626e6.dir\objects1 @C:\Users\yermushy\AppData\Local\Temp\nm25B7.tmp



